2025/11/04 12:28:39 serving on port 8080
2025/11/04 12:30:01 serving on port 8080
2025/11/04 12:42:27 serving on port 8080
2025/11/04 12:45:39 serving on port 8080
2025/11/04 13:02:51 serving on port 8080
2025/11/05 09:44:15 serving on port 8080
2025/11/05 09:45:05 serving on port 8080
2025/11/05 09:47:13 serving on port 8080
2025/11/05 09:48:05 serving on port 8080
2025/11/05 09:52:38 serving on port 8080
2025/11/05 09:59:04 serving on port 8080
2025/11/05 10:35:14 serving on port 8080
2025/11/05 10:45:55 serving on port 8080
2025/11/05 10:58:55 serving on port 8080
2025/11/05 11:01:05 serving on port 8080
2025/11/05 11:02:22 serving on port 8080
2025/11/05 11:03:49 serving on port 8080
2025/11/05 11:07:50 serving on port 8080
2025/11/05 11:24:48 serving on port 8080
2025/11/05 11:30:42 serving on port 8080
2025/11/05 11:37:05 serving on port 8080
2025/11/05 11:40:02 serving on port 8080
2025/11/05 11:45:50 serving on port 8080
2025/11/05 11:54:30 serving on port 8080
2025/11/05 11:57:20 serving on port 8080
2025/11/05 11:58:54 serving on port 8080
2025/11/05 11:59:33 serving on port 8080
2025/11/05 15:04:10 serving on port 8080
2025/11/05 15:04:57 Error decoding json data in POST request: EOF
2025/11/05 15:05:52 serving on port 8080
2025/11/05 15:05:59 Error decoding json data in POST request: EOF
2025/11/05 15:06:19 Error decoding json data in POST request: EOF
2025/11/05 15:10:12 serving on port 8080
2025/11/05 15:10:39 Error decoding json data in POST request: EOF
2025/11/05 15:33:02 serving on port 8080
2025/11/05 15:33:31 Error decoding json data in POST request: EOF
2025/11/05 15:33:31 EOF
2025/11/05 15:33:31 Responding with 5XX error: Something went wrong
2025/11/06 09:25:52 serving on port 8080
2025/11/06 09:33:06 serving on port 8080
2025/11/06 09:35:39 serving on port 8080
2025/11/06 11:55:58 serving on port 8080
2025/11/06 11:58:26 serving on port 8080
2025/11/06 12:08:02 serving on port 8080
2025/11/06 13:18:33 serving on port 8080
2025/11/06 13:19:05 serving on port 8080
2025/11/06 14:55:31 serving on port 8080
2025/11/06 14:57:21 serving on port 8080
2025/11/06 15:00:45 serving on port 8080
2025/11/06 15:03:07 serving on port 8080
2025/11/06 15:04:55 Error decoding json data in POST request: EOF
2025/11/06 15:04:55 EOF
2025/11/06 15:04:55 Responding with 5XX error: Something went wrong
2025/11/06 15:13:00 serving on port 8080
2025/11/07 09:45:44 serving on port 8080
2025/11/07 09:45:53 sql: no rows in result set
2025/11/07 09:46:31 sql: no rows in result set
2025/11/07 11:35:35 serving on port 8080
2025/11/07 13:45:17 serving on port 8080
2025/11/10 11:13:41 serving on port 8080
2025/11/10 11:20:50 serving on port 8080
2025/11/10 11:20:52 issue parsing token string: token is malformed: could not base64 decode header: illegal base64 data at input byte 0
2025/11/10 11:32:40 serving on port 8080
2025/11/10 11:32:42 issue parsing token string: token has invalid claims: token is expired
2025/11/10 11:34:48 serving on port 8080
2025/11/10 11:35:06 issue parsing token string: token has invalid claims: token is expired
2025/11/10 11:35:40 sql: no rows in result set
2025/11/10 11:35:54 issue parsing token string: token has invalid claims: token is expired
2025/11/10 11:37:42 serving on port 8080
2025/11/10 11:37:48 sql: no rows in result set
2025/11/10 11:37:56 issue parsing token string: token has invalid claims: token is expired
2025/11/10 11:38:58 serving on port 8080
2025/11/10 11:39:03 sql: no rows in result set
2025/11/10 11:39:11 issue parsing token string: token has invalid claims: token is expired
2025/11/10 11:53:36 serving on port 8080
2025/11/10 11:53:40 sql: no rows in result set
2025/11/10 11:53:48 issue parsing token string: token has invalid claims: token is expired
2025/11/10 11:56:36 serving on port 8080
2025/11/10 11:56:41 sql: no rows in result set
2025/11/10 11:57:46 serving on port 8080
2025/11/10 11:57:51 sql: no rows in result set
2025/11/10 12:00:23 serving on port 8080
2025/11/10 12:00:27 sql: no rows in result set
2025/11/10 12:00:37 sql: no rows in result set
2025/11/10 12:02:53 Issued at: 2025-11-10 17:02:53.883586424 +0000 UTC, Expires At: 2025-11-10 18:02:53.883587863 +0000 UTC
2025/11/10 12:05:35 serving on port 8080
2025/11/10 12:06:05 Issued at: 2025-11-10 17:06:05.469340723 +0000 UTC, Expires At: 2025-11-10 18:06:05.469341987 +0000 UTC
2025/11/10 12:06:05 Issued at: 2025-11-10 17:06:05.543838407 +0000 UTC, Expires At: 2025-11-10 18:06:05.543839309 +0000 UTC
2025/11/10 12:06:21 Issued at: 2025-11-10 17:06:21.851326076 +0000 UTC, Expires At: 2025-11-10 18:06:21.851327337 +0000 UTC
2025/11/10 12:06:21 Issued at: 2025-11-10 17:06:21.911284624 +0000 UTC, Expires At: 2025-11-10 18:06:21.911285509 +0000 UTC
2025/11/10 14:21:26 serving on port 8080
2025/11/10 14:21:34 issue parsing token string: token is malformed: token contains an invalid number of segments
2025/11/10 14:24:22 serving on port 8080
2025/11/10 14:24:27 pq: update or delete on table "users" violates foreign key constraint "refresh_tokens_user_id_fkey" on table "refresh_tokens"
2025/11/10 14:24:27 Responding with 5XX error: Failed to delete user records
2025/11/10 14:24:27 issue parsing token string: token is malformed: token contains an invalid number of segments
2025/11/10 14:25:58 serving on port 8080
2025/11/10 14:26:02 issue deleting user records: pq: update or delete on table "users" violates foreign key constraint "refresh_tokens_user_id_fkey" on table "refresh_tokens"
2025/11/10 14:26:02 pq: update or delete on table "users" violates foreign key constraint "refresh_tokens_user_id_fkey" on table "refresh_tokens"
2025/11/10 14:26:02 Responding with 5XX error: Failed to delete user records
2025/11/10 14:26:02 issue parsing token string: token is malformed: token contains an invalid number of segments
2025/11/10 14:28:55 serving on port 8080
2025/11/10 14:29:07 issue parsing token string: token is malformed: token contains an invalid number of segments
2025/11/10 14:29:27 issue parsing token string: token is malformed: token contains an invalid number of segments
